<?xml version="1.0" encoding="UTF-8"?>
<!-- Generated by org.testng.reporters.JUnitReportReporter -->
<testsuite hostname="JishaSandeep" name="com.qa.test.LoginTest" tests="1" failures="0" timestamp="22 Jun 2018 15:01:22 GMT" time="0.005" errors="0">
  <testcase name="test1" time="0.005" classname="com.qa.test.LoginTest"/>
</testsuite> <!-- com.qa.test.LoginTest -->
